#
# A fatal error has been detected by the Java Runtime Environment:
#
#  Internal Error (javaClasses.cpp:124), pid=6268, tid=6264
#  fatal error: Invalid layout of preloaded class
#
# JRE version:  (8.0_05-b13) (build )
# Java VM: Java HotSpot(TM) Client VM (25.5-b02 mixed mode windows-x86 )
# Failed to write core dump. Minidumps are not enabled by default on client versions of Windows
#
# If you would like to submit a bug report, please visit:
#   http://bugreport.sun.com/bugreport/crash.jsp
#

---------------  T H R E A D  ---------------

Current thread (0x00acc400):  JavaThread "Unknown thread" [_thread_in_vm, id=6264, stack(0x00af0000,0x00b40000)]

Stack: [0x00af0000,0x00b40000],  sp=0x00b3f3e4,  free space=316k
Native frames: (J=compiled Java code, j=interpreted, Vv=VM code, C=native code)
V  [jvm.dll+0x1921e8]
V  [jvm.dll+0x18b2e6]
V  [jvm.dll+0x3aafa]
V  [jvm.dll+0x3acb0]
V  [jvm.dll+0x499f3]
V  [jvm.dll+0x9c1ae]
V  [jvm.dll+0x9c472]
V  [jvm.dll+0x140ae1]
V  [jvm.dll+0x1647e8]
V  [jvm.dll+0xd8c61]
C  [javaw.exe+0x13ce]
C  [javaw.exe+0x1e85]
C  [javaw.exe+0xab71]
C  [javaw.exe+0xabfb]
C  [kernel32.dll+0x4ee1c]
C  [ntdll.dll+0x637eb]
C  [ntdll.dll+0x637be]


---------------  P R O C E S S  ---------------

Java Threads: ( => current thread )

Other Threads:

=>0x00acc400 (exited) JavaThread "Unknown thread" [_thread_in_vm, id=6264, stack(0x00af0000,0x00b40000)]

VM state:not at safepoint (not fully initialized)

VM Mutex/Monitor currently owned by a thread: None

GC Heap History (0 events):
No events

Deoptimization events (0 events):
No events

Internal exceptions (0 events):
No events

Events (10 events):
Event: 0.091 loading class java/lang/CharSequence done
Event: 0.091 loading class java/lang/String done
Event: 0.091 loading class java/lang/Class
Event: 0.091 loading class java/lang/reflect/AnnotatedElement
Event: 0.091 loading class java/lang/reflect/AnnotatedElement done
Event: 0.091 loading class java/lang/reflect/GenericDeclaration
Event: 0.092 loading class java/lang/reflect/GenericDeclaration done
Event: 0.092 loading class java/lang/reflect/Type
Event: 0.092 loading class java/lang/reflect/Type done
Event: 0.092 loading class java/lang/Class done


Dynamic libraries:
0x00b90000 - 0x00bc0000 	C:\Program Files\Java\jre8\bin\javaw.exe
0x770e0000 - 0x7721c000 	C:\Windows\SYSTEM32\ntdll.dll
0x759a0000 - 0x75a74000 	C:\Windows\system32\kernel32.dll
0x75400000 - 0x7544b000 	C:\Windows\system32\KERNELBASE.dll
0x76360000 - 0x76400000 	C:\Windows\system32\ADVAPI32.dll
0x75cd0000 - 0x75d7c000 	C:\Windows\system32\msvcrt.dll
0x75ea0000 - 0x75eb9000 	C:\Windows\SYSTEM32\sechost.dll
0x760b0000 - 0x76152000 	C:\Windows\system32\RPCRT4.dll
0x75450000 - 0x75519000 	C:\Windows\system32\USER32.dll
0x75520000 - 0x7556e000 	C:\Windows\system32\GDI32.dll
0x77230000 - 0x7723a000 	C:\Windows\system32\LPK.dll
0x762c0000 - 0x7635d000 	C:\Windows\system32\USP10.dll
0x73de0000 - 0x73f7e000 	C:\Windows\WinSxS\x86_microsoft.windows.common-controls_6595b64144ccf1df_6.0.7601.17514_none_41e6975e2bd6f2b2\COMCTL32.dll
0x75d80000 - 0x75dd7000 	C:\Windows\system32\SHLWAPI.dll
0x75a80000 - 0x75a9f000 	C:\Windows\system32\IMM32.DLL
0x755d0000 - 0x7569c000 	C:\Windows\system32\MSCTF.dll
0x5cce0000 - 0x5cd9f000 	C:\Program Files\Java\jre8\bin\msvcr100.dll
0x63850000 - 0x63be6000 	C:\Program Files\Java\jre8\bin\client\jvm.dll
0x6cd90000 - 0x6cd97000 	C:\Windows\system32\WSOCK32.dll
0x75e60000 - 0x75e95000 	C:\Windows\system32\WS2_32.dll
0x75cc0000 - 0x75cc6000 	C:\Windows\system32\NSI.dll
0x71750000 - 0x71782000 	C:\Windows\system32\WINMM.dll
0x77240000 - 0x77245000 	C:\Windows\system32\PSAPI.DLL
0x70f00000 - 0x70f0c000 	C:\Program Files\Java\jre8\bin\verify.dll
0x70ed0000 - 0x70ef1000 	C:\Program Files\Java\jre8\bin\java.dll
0x63e70000 - 0x63e99000 	C:\Program Files\Java\jre8\bin\jdwp.dll
0x73310000 - 0x73317000 	C:\Program Files\Java\jre8\bin\npt.dll
0x70eb0000 - 0x70ec3000 	C:\Program Files\Java\jre8\bin\zip.dll
0x59620000 - 0x5970b000 	C:\Windows\system32\dbghelp.dll

VM Arguments:
jvm_args: -agentlib:jdwp=transport=dt_socket,suspend=y,address=localhost:59133 -Dfile.encoding=Cp1252 -Xbootclasspath:E:\adt-bundle-windows-x86-20140702\sdk\platforms\android-20\android.jar 
java_command: com.dnb.whackamole.MenuButtonListener
java_class_path (initial): D:\WORKSPACE\WhackAMole\bin\classes;D:\WORKSPACE\WhackAMole\libs\android-support-v4.jar;D:\WORKSPACE\appcompat_v7\libs\android-support-v7-appcompat.jar;D:\WORKSPACE\appcompat_v7\bin\appcompat_v7.jar
Launcher Type: SUN_STANDARD

Environment Variables:
JAVA_HOME=C:\Program Files\Java\jdk1.8.0_05
PATH=C:/Program Files/Java/jre8/bin/client;C:/Program Files/Java/jre8/bin;C:/Program Files/Java/jre8/lib/i386;C:\Program Files\Microchip\mplabc18\v3.45\mpasm;C:\Program Files\Microchip\mplabc18\v3.45\bin;C:\Program Files\EasyPHP-DevServer-14.1VC9\binaries\php\php_runningversion;C:\Program Files\NVIDIA Corporation\PhysX\Common;C:\Windows\system32;C:\Windows;C:\Windows\System32\Wbem;C:\Windows\System32\WindowsPowerShell\v1.0\;C:\Program Files\Microsoft SQL Server\100\Tools\Binn\;C:\Program Files\Microsoft SQL Server\100\DTS\Binn\;C:\Program Files\Microchip\MPLAB C32 Suite\bin;C:\Program Files\MATLAB\R2013a\runtime\win32;C:\Program Files\MATLAB\R2013a\bin;C:\Program Files\GTK2-Runtime\lib;C:\Program Files\Microchip\mplabc18\v3.45\mpasm;C:\Program Files\Microchip\mplabc18\v3.45\bin;C:\Program Files\Java\jdk1.8.0_05\bin;E:\adt-bundle-windows-x86-20140702\eclipse;
USERNAME=Ralfy
OS=Windows_NT
PROCESSOR_IDENTIFIER=x86 Family 6 Model 37 Stepping 5, GenuineIntel



---------------  S Y S T E M  ---------------

OS: Windows 7 Build 7601 Service Pack 1

CPU:total 4 (2 cores per cpu, 2 threads per core) family 6 model 37 stepping 5, cmov, cx8, fxsr, mmx, sse, sse2, sse3, ssse3, sse4.1, sse4.2, popcnt, ht, tsc, tscinvbit

Memory: 4k page, physical 3661304k(626188k free), swap 7320856k(2675320k free)

vm_info: Java HotSpot(TM) Client VM (25.5-b02) for windows-x86 JRE (1.8.0_05-b13), built on Mar 18 2014 01:14:47 by "java_re" with MS VC++ 10.0 (VS2010)

time: Tue Sep 23 09:37:45 2014
elapsed time: 0 seconds

